<?xml version="1.0" encoding="UTF-8"?>
<testng-results ignored="0" total="1" passed="1" failed="0" skipped="0">
  <reporter-output>
  </reporter-output>
  <suite started-at="2024-08-11T22:02:26 IST" name="Default suite" finished-at="2024-08-11T22:02:32 IST" duration-ms="6543">
    <groups>
      <group name="cucumber">
        <method signature="AbstractTestNGCucumberTests.runScenario(io.cucumber.testng.PickleWrapper,io.cucumber.testng.FeatureWrapper)[pri:0, instance:Runner.simplestepsrunner@79079097]" name="runScenario" class="io.cucumber.testng.AbstractTestNGCucumberTests"/>
      </group> <!-- cucumber -->
    </groups>
    <test started-at="2024-08-11T22:02:26 IST" name="Default test" finished-at="2024-08-11T22:02:32 IST" duration-ms="6543">
      <class name="Runner.simplestepsrunner">
        <test-method is-config="true" signature="setUpClass(org.testng.ITestContext)[pri:0, instance:Runner.simplestepsrunner@79079097]" started-at="2024-08-11T22:02:26 IST" name="setUpClass" finished-at="2024-08-11T22:02:26 IST" duration-ms="329" status="PASS">
          <params>
            <param index="0">
              <value>
                <![CDATA[org.testng.TestRunner@6719a5b8]]>
              </value>
            </param>
          </params>
          <reporter-output>
          </reporter-output>
        </test-method> <!-- setUpClass -->
        <test-method signature="runScenario(io.cucumber.testng.PickleWrapper,io.cucumber.testng.FeatureWrapper)[pri:0, instance:Runner.simplestepsrunner@79079097]" started-at="2024-08-11T22:02:26 IST" name="runScenario" description="Runs Cucumber Scenarios" data-provider="scenarios" finished-at="2024-08-11T22:02:32 IST" duration-ms="6134" status="PASS">
          <params>
            <param index="0">
              <value>
                <![CDATA["To Validate the Simple Form Functionality"]]>
              </value>
            </param>
            <param index="1">
              <value>
                <![CDATA["Simple Form Functionality"]]>
              </value>
            </param>
          </params>
          <reporter-output>
          </reporter-output>
        </test-method> <!-- runScenario -->
        <test-method is-config="true" signature="tearDownClass()[pri:0, instance:Runner.simplestepsrunner@79079097]" started-at="2024-08-11T22:02:32 IST" name="tearDownClass" finished-at="2024-08-11T22:02:32 IST" duration-ms="3" status="PASS">
          <reporter-output>
          </reporter-output>
        </test-method> <!-- tearDownClass -->
      </class> <!-- Runner.simplestepsrunner -->
    </test> <!-- Default test -->
  </suite> <!-- Default suite -->
</testng-results>
